Using pre-set license
Built from '2020.2/release' branch; Version is '2020.2.2f1 (068178b99f32) revision 426360'; Using compiler version '192528614'; Build Type 'Release'
OS: 'Windows 10 Pro; OS build 19041.208; Version 2004; 64bit' Language: 'ru' Physical Memory: 15805 MB
BatchMode: 1, IsHumanControllingUs: 0, StartBugReporterOnCrash: 0, Is64bit: 1, IsPro: 0

 COMMAND LINE ARGUMENTS:
C:\Unity\2020.2.2f1\Editor\Unity.exe
-adb2
-batchMode
-noUpm
-name
AssetImportWorker0
-projectPath
D:/UnityProjects/DesignPatterns/ObjectPool
-logFile
Logs/AssetImportWorker0.log
-srvPort
10407
Successfully changed project path to: D:/UnityProjects/DesignPatterns/ObjectPool
D:/UnityProjects/DesignPatterns/ObjectPool
Using Asset Import Pipeline V2.
Refreshing native plugins compatible for Editor in 50.37 ms, found 1 plugins.
Preloading 0 native plugins for Editor in 0.00 ms.
Initialize engine version: 2020.2.2f1 (068178b99f32)
[Subsystems] Discovering subsystems at path C:/Unity/2020.2.2f1/Editor/Data/Resources/UnitySubsystems
[Subsystems] Discovering subsystems at path D:/UnityProjects/DesignPatterns/ObjectPool/Assets
GfxDevice: creating device client; threaded=0
Direct3D:
    Version:  Direct3D 11.0 [level 11.1]
    Renderer: NVIDIA GeForce GTX 1650 (ID=0x1f91)
    Vendor:   
    VRAM:     3962 MB
    Driver:   27.21.14.6140
Initialize mono
Mono path[0] = 'C:/Unity/2020.2.2f1/Editor/Data/Managed'
Mono path[1] = 'C:/Unity/2020.2.2f1/Editor/Data/MonoBleedingEdge/lib/mono/unityjit'
Mono config path = 'C:/Unity/2020.2.2f1/Editor/Data/MonoBleedingEdge/etc'
Using monoOptions --debugger-agent=transport=dt_socket,embedding=1,server=y,suspend=n,address=127.0.0.1:56312
Begin MonoManager ReloadAssembly
Registering precompiled unity dll's ...
Register platform support module: C:/Unity/2020.2.2f1/Editor/Data/PlaybackEngines/WindowsStandaloneSupport/UnityEditor.WindowsStandalone.Extensions.dll
Registered in 0.001785 seconds.
Native extension for WindowsStandalone target not found
Refreshing native plugins compatible for Editor in 61.19 ms, found 1 plugins.
Preloading 0 native plugins for Editor in 0.00 ms.
Invoked RoslynAnalysisRunner static constructor.
RoslynAnalysisRunner will not be running.
RoslynAnalysisRunner has terminated.
Mono: successfully reloaded assembly
- Completed reload, in  3.546 seconds
Platform modules already initialized, skipping
Registering precompiled user dll's ...
Registered in 0.001676 seconds.
Begin MonoManager ReloadAssembly
Native extension for WindowsStandalone target not found
Refreshing native plugins compatible for Editor in 53.29 ms, found 1 plugins.
Preloading 0 native plugins for Editor in 0.00 ms.
Invoked RoslynAnalysisRunner static constructor.
RoslynAnalysisRunner will not be running.
RoslynAnalysisRunner has terminated.
Mono: successfully reloaded assembly
- Completed reload, in  1.274 seconds
Platform modules already initialized, skipping
========================================================================
Worker process is ready to serve import requests
Launched and connected shader compiler UnityShaderCompiler.exe after 0.05 seconds
Refreshing native plugins compatible for Editor in 0.49 ms, found 1 plugins.
Preloading 0 native plugins for Editor in 0.00 ms.
Unloading 2100 Unused Serialized files (Serialized files now loaded: 0)
System memory in use before: 95.1 MB.
System memory in use after: 95.1 MB.

Unloading 26 unused Assets to reduce memory usage. Loaded Objects now: 2543.
Total: 3.061100 ms (FindLiveObjects: 0.374300 ms CreateObjectMapping: 0.108000 ms MarkObjects: 2.419400 ms  DeleteObjects: 0.157900 ms)

========================================================================
Received Import Request.
  path: Assets/Scripts/Asteroid/Asteroid.cs
  artifactKey: Guid(2ac292079c7a1a646b57e3ca1969a5dc) Importer(815301076,1909f56bfc062723c751e8b465ee728b)
Start importing Assets/Scripts/Asteroid/Asteroid.cs using Guid(2ac292079c7a1a646b57e3ca1969a5dc) Importer(815301076,1909f56bfc062723c751e8b465ee728b)  -> (artifact id: 'c3f61bbd8a9b2e2cbf60429e5c3720ed') in 0.028729 seconds
  Import took 0.032813 seconds .

========================================================================
Received Import Request.
  Time since last request: 0.000252 seconds.
  path: Assets/Scripts/Asteroid/AsteroidSpawner.cs
  artifactKey: Guid(30df1beb78da0404990ec091fd27ef71) Importer(815301076,1909f56bfc062723c751e8b465ee728b)
Start importing Assets/Scripts/Asteroid/AsteroidSpawner.cs using Guid(30df1beb78da0404990ec091fd27ef71) Importer(815301076,1909f56bfc062723c751e8b465ee728b)  -> (artifact id: 'b6459ef9dce7055c3b3827988de4f840') in 0.002670 seconds
  Import took 0.006058 seconds .

========================================================================
Received Prepare
Registering precompiled user dll's ...
Registered in 0.001612 seconds.
Begin MonoManager ReloadAssembly
Native extension for WindowsStandalone target not found
Refreshing native plugins compatible for Editor in 0.45 ms, found 1 plugins.
Preloading 0 native plugins for Editor in 0.00 ms.
Invoked RoslynAnalysisRunner static constructor.
RoslynAnalysisRunner will not be running.
RoslynAnalysisRunner has terminated.
Mono: successfully reloaded assembly
- Completed reload, in  1.156 seconds
Platform modules already initialized, skipping
Refreshing native plugins compatible for Editor in 0.45 ms, found 1 plugins.
Preloading 0 native plugins for Editor in 0.00 ms.
Unloading 2095 Unused Serialized files (Serialized files now loaded: 0)
System memory in use before: 95.3 MB.
System memory in use after: 95.3 MB.

Unloading 12 unused Assets to reduce memory usage. Loaded Objects now: 2546.
Total: 3.448400 ms (FindLiveObjects: 0.276900 ms CreateObjectMapping: 0.123000 ms MarkObjects: 2.892200 ms  DeleteObjects: 0.154400 ms)

========================================================================
Received Import Request.
  Time since last request: 104.531143 seconds.
  path: Assets/Scripts/Asteroid/AsteroidSpawner.cs
  artifactKey: Guid(30df1beb78da0404990ec091fd27ef71) Importer(815301076,1909f56bfc062723c751e8b465ee728b)
Start importing Assets/Scripts/Asteroid/AsteroidSpawner.cs using Guid(30df1beb78da0404990ec091fd27ef71) Importer(815301076,1909f56bfc062723c751e8b465ee728b)  -> (artifact id: '218989efa3bf7b45ad11e4d5df8b0bd0') in 0.006953 seconds
  Import took 0.010952 seconds .

========================================================================
Received Prepare
Registering precompiled user dll's ...
Registered in 0.001696 seconds.
Begin MonoManager ReloadAssembly
Native extension for WindowsStandalone target not found
Refreshing native plugins compatible for Editor in 0.45 ms, found 1 plugins.
Preloading 0 native plugins for Editor in 0.00 ms.
Invoked RoslynAnalysisRunner static constructor.
RoslynAnalysisRunner will not be running.
RoslynAnalysisRunner has terminated.
Mono: successfully reloaded assembly
- Completed reload, in  1.155 seconds
Platform modules already initialized, skipping
Refreshing native plugins compatible for Editor in 0.75 ms, found 1 plugins.
Preloading 0 native plugins for Editor in 0.00 ms.
Unloading 2095 Unused Serialized files (Serialized files now loaded: 0)
System memory in use before: 95.4 MB.
System memory in use after: 95.4 MB.

Unloading 12 unused Assets to reduce memory usage. Loaded Objects now: 2549.
Total: 3.574000 ms (FindLiveObjects: 0.344000 ms CreateObjectMapping: 0.072100 ms MarkObjects: 2.996300 ms  DeleteObjects: 0.159900 ms)

========================================================================
Received Prepare
Registering precompiled user dll's ...
Registered in 0.001786 seconds.
Begin MonoManager ReloadAssembly
Native extension for WindowsStandalone target not found
Refreshing native plugins compatible for Editor in 0.45 ms, found 1 plugins.
Preloading 0 native plugins for Editor in 0.00 ms.
Invoked RoslynAnalysisRunner static constructor.
RoslynAnalysisRunner will not be running.
RoslynAnalysisRunner has terminated.
Mono: successfully reloaded assembly
- Completed reload, in  1.177 seconds
Platform modules already initialized, skipping
Refreshing native plugins compatible for Editor in 0.45 ms, found 1 plugins.
Preloading 0 native plugins for Editor in 0.00 ms.
Unloading 2095 Unused Serialized files (Serialized files now loaded: 0)
System memory in use before: 95.5 MB.
System memory in use after: 95.5 MB.

Unloading 12 unused Assets to reduce memory usage. Loaded Objects now: 2552.
Total: 3.208100 ms (FindLiveObjects: 0.269400 ms CreateObjectMapping: 0.067800 ms MarkObjects: 2.704300 ms  DeleteObjects: 0.165100 ms)

========================================================================
Received Prepare
Registering precompiled user dll's ...
Registered in 0.001859 seconds.
Begin MonoManager ReloadAssembly
Native extension for WindowsStandalone target not found
Refreshing native plugins compatible for Editor in 0.50 ms, found 1 plugins.
Preloading 0 native plugins for Editor in 0.00 ms.
Invoked RoslynAnalysisRunner static constructor.
RoslynAnalysisRunner will not be running.
RoslynAnalysisRunner has terminated.
Mono: successfully reloaded assembly
- Completed reload, in  1.257 seconds
Platform modules already initialized, skipping
Refreshing native plugins compatible for Editor in 0.59 ms, found 1 plugins.
Preloading 0 native plugins for Editor in 0.00 ms.
Unloading 2095 Unused Serialized files (Serialized files now loaded: 0)
System memory in use before: 95.5 MB.
System memory in use after: 95.5 MB.

Unloading 12 unused Assets to reduce memory usage. Loaded Objects now: 2555.
Total: 3.131200 ms (FindLiveObjects: 0.301200 ms CreateObjectMapping: 0.059200 ms MarkObjects: 2.644700 ms  DeleteObjects: 0.124000 ms)

========================================================================
Received Import Request.
  Time since last request: 2461.988168 seconds.
  path: Assets/Prefabs/Asteroid.prefab
  artifactKey: Guid(a8474c47366768b4fa5fd5f0dff6b17a) Importer(815301076,1909f56bfc062723c751e8b465ee728b)
Start importing Assets/Prefabs/Asteroid.prefab using Guid(a8474c47366768b4fa5fd5f0dff6b17a) Importer(815301076,1909f56bfc062723c751e8b465ee728b)  -> (artifact id: '093797107787e22a4001d2e4c374f82c') in 0.104914 seconds
  Import took 0.109350 seconds .

========================================================================
Received Prepare
Registering precompiled user dll's ...
Registered in 0.001644 seconds.
Begin MonoManager ReloadAssembly
Native extension for WindowsStandalone target not found
Refreshing native plugins compatible for Editor in 0.56 ms, found 1 plugins.
Preloading 0 native plugins for Editor in 0.00 ms.
Invoked RoslynAnalysisRunner static constructor.
RoslynAnalysisRunner will not be running.
RoslynAnalysisRunner has terminated.
Mono: successfully reloaded assembly
- Completed reload, in  1.203 seconds
Platform modules already initialized, skipping
Refreshing native plugins compatible for Editor in 0.45 ms, found 1 plugins.
Preloading 0 native plugins for Editor in 0.00 ms.
Unloading 2095 Unused Serialized files (Serialized files now loaded: 0)
System memory in use before: 98.6 MB.
System memory in use after: 98.6 MB.

Unloading 12 unused Assets to reduce memory usage. Loaded Objects now: 2565.
Total: 3.410800 ms (FindLiveObjects: 0.284100 ms CreateObjectMapping: 0.069300 ms MarkObjects: 2.897700 ms  DeleteObjects: 0.158100 ms)

========================================================================
Received Prepare
Registering precompiled user dll's ...
Registered in 0.002074 seconds.
Begin MonoManager ReloadAssembly
Native extension for WindowsStandalone target not found
Refreshing native plugins compatible for Editor in 0.46 ms, found 1 plugins.
Preloading 0 native plugins for Editor in 0.00 ms.
Invoked RoslynAnalysisRunner static constructor.
RoslynAnalysisRunner will not be running.
RoslynAnalysisRunner has terminated.
Mono: successfully reloaded assembly
- Completed reload, in  1.166 seconds
Platform modules already initialized, skipping
Refreshing native plugins compatible for Editor in 0.45 ms, found 1 plugins.
Preloading 0 native plugins for Editor in 0.00 ms.
Unloading 2095 Unused Serialized files (Serialized files now loaded: 0)
System memory in use before: 98.7 MB.
System memory in use after: 98.7 MB.

Unloading 12 unused Assets to reduce memory usage. Loaded Objects now: 2568.
Total: 3.550600 ms (FindLiveObjects: 0.380100 ms CreateObjectMapping: 0.095200 ms MarkObjects: 2.904000 ms  DeleteObjects: 0.169900 ms)

========================================================================
Received Prepare
Registering precompiled user dll's ...
Registered in 0.001623 seconds.
Begin MonoManager ReloadAssembly
Native extension for WindowsStandalone target not found
Refreshing native plugins compatible for Editor in 0.48 ms, found 1 plugins.
Preloading 0 native plugins for Editor in 0.00 ms.
Invoked RoslynAnalysisRunner static constructor.
RoslynAnalysisRunner will not be running.
RoslynAnalysisRunner has terminated.
Mono: successfully reloaded assembly
- Completed reload, in  1.123 seconds
Platform modules already initialized, skipping
Refreshing native plugins compatible for Editor in 0.45 ms, found 1 plugins.
Preloading 0 native plugins for Editor in 0.00 ms.
Unloading 2095 Unused Serialized files (Serialized files now loaded: 0)
System memory in use before: 98.7 MB.
System memory in use after: 98.7 MB.

Unloading 12 unused Assets to reduce memory usage. Loaded Objects now: 2571.
Total: 3.370400 ms (FindLiveObjects: 0.371200 ms CreateObjectMapping: 0.094300 ms MarkObjects: 2.736500 ms  DeleteObjects: 0.167100 ms)

========================================================================
Received Prepare
Registering precompiled user dll's ...
Registered in 0.001648 seconds.
Begin MonoManager ReloadAssembly
Native extension for WindowsStandalone target not found
Refreshing native plugins compatible for Editor in 0.48 ms, found 1 plugins.
Preloading 0 native plugins for Editor in 0.00 ms.
Invoked RoslynAnalysisRunner static constructor.
RoslynAnalysisRunner will not be running.
RoslynAnalysisRunner has terminated.
Mono: successfully reloaded assembly
- Completed reload, in  1.166 seconds
Platform modules already initialized, skipping
Refreshing native plugins compatible for Editor in 0.46 ms, found 1 plugins.
Preloading 0 native plugins for Editor in 0.00 ms.
Unloading 2095 Unused Serialized files (Serialized files now loaded: 0)
System memory in use before: 98.8 MB.
System memory in use after: 98.8 MB.

Unloading 12 unused Assets to reduce memory usage. Loaded Objects now: 2574.
Total: 3.374600 ms (FindLiveObjects: 0.299000 ms CreateObjectMapping: 0.072000 ms MarkObjects: 2.837100 ms  DeleteObjects: 0.164800 ms)

========================================================================
Received Prepare
Registering precompiled user dll's ...
Registered in 0.002303 seconds.
Begin MonoManager ReloadAssembly
Native extension for WindowsStandalone target not found
Refreshing native plugins compatible for Editor in 0.57 ms, found 1 plugins.
Preloading 0 native plugins for Editor in 0.00 ms.
Invoked RoslynAnalysisRunner static constructor.
RoslynAnalysisRunner will not be running.
RoslynAnalysisRunner has terminated.
Mono: successfully reloaded assembly
- Completed reload, in  1.118 seconds
Platform modules already initialized, skipping
Refreshing native plugins compatible for Editor in 0.61 ms, found 1 plugins.
Preloading 0 native plugins for Editor in 0.00 ms.
Unloading 2095 Unused Serialized files (Serialized files now loaded: 0)
System memory in use before: 98.9 MB.
System memory in use after: 98.9 MB.

Unloading 12 unused Assets to reduce memory usage. Loaded Objects now: 2577.
Total: 3.359700 ms (FindLiveObjects: 0.288700 ms CreateObjectMapping: 0.075300 ms MarkObjects: 2.832500 ms  DeleteObjects: 0.161500 ms)

========================================================================
Received Import Request.
  Time since last request: 262.756952 seconds.
  path: Assets/Prefabs/Rocket.prefab
  artifactKey: Guid(a39af4c985aee5c42ab3609e042c74da) Importer(815301076,1909f56bfc062723c751e8b465ee728b)
Start importing Assets/Prefabs/Rocket.prefab using Guid(a39af4c985aee5c42ab3609e042c74da) Importer(815301076,1909f56bfc062723c751e8b465ee728b)  -> (artifact id: 'c759e44c54ec30f70b050b521b492381') in 0.072351 seconds
  Import took 0.076769 seconds .

========================================================================
Received Import Request.
  Time since last request: 0.120188 seconds.
  path: Assets/Prefabs/Rocket.prefab
  artifactKey: Guid(a39af4c985aee5c42ab3609e042c74da) Importer(815301076,1909f56bfc062723c751e8b465ee728b)
Start importing Assets/Prefabs/Rocket.prefab using Guid(a39af4c985aee5c42ab3609e042c74da) Importer(815301076,1909f56bfc062723c751e8b465ee728b)  -> (artifact id: 'c759e44c54ec30f70b050b521b492381') in 0.013024 seconds
  Import took 0.017256 seconds .

========================================================================
Received Prepare
Registering precompiled user dll's ...
Registered in 0.001663 seconds.
Begin MonoManager ReloadAssembly
Native extension for WindowsStandalone target not found
Refreshing native plugins compatible for Editor in 0.46 ms, found 1 plugins.
Preloading 0 native plugins for Editor in 0.00 ms.
Invoked RoslynAnalysisRunner static constructor.
RoslynAnalysisRunner will not be running.
RoslynAnalysisRunner has terminated.
Mono: successfully reloaded assembly
- Completed reload, in  1.135 seconds
Platform modules already initialized, skipping
Refreshing native plugins compatible for Editor in 0.60 ms, found 1 plugins.
Preloading 0 native plugins for Editor in 0.00 ms.
Unloading 2095 Unused Serialized files (Serialized files now loaded: 0)
System memory in use before: 98.9 MB.
System memory in use after: 98.9 MB.

Unloading 12 unused Assets to reduce memory usage. Loaded Objects now: 2581.
Total: 3.439700 ms (FindLiveObjects: 0.456500 ms CreateObjectMapping: 0.148300 ms MarkObjects: 2.689100 ms  DeleteObjects: 0.143500 ms)

AssetImportWorkerClient::OnTransportError - code=2 error=End of file
